routes/auth.ts(10,33): error TS7006: Parameter 'req' implicitly has an 'any' type.
routes/auth.ts(10,38): error TS7006: Parameter 'res' implicitly has an 'any' type.
routes/auth.ts(43,30): error TS7006: Parameter 'req' implicitly has an 'any' type.
routes/auth.ts(43,35): error TS7006: Parameter 'res' implicitly has an 'any' type.
routes/projects.ts(6,24): error TS7006: Parameter 'req' implicitly has an 'any' type.
routes/projects.ts(6,29): error TS7006: Parameter 'res' implicitly has an 'any' type.
routes/projects.ts(23,25): error TS7006: Parameter 'req' implicitly has an 'any' type.
routes/projects.ts(23,30): error TS7006: Parameter 'res' implicitly has an 'any' type.
routes/projects.ts(45,30): error TS7006: Parameter 'req' implicitly has an 'any' type.
routes/projects.ts(45,35): error TS7006: Parameter 'res' implicitly has an 'any' type.
routes/settings.ts(6,24): error TS7006: Parameter 'req' implicitly has an 'any' type.
routes/settings.ts(6,29): error TS7006: Parameter 'res' implicitly has an 'any' type.
routes/settings.ts(29,24): error TS7006: Parameter 'req' implicitly has an 'any' type.
routes/settings.ts(29,29): error TS7006: Parameter 'res' implicitly has an 'any' type.
routes/tasks.ts(7,24): error TS7006: Parameter 'req' implicitly has an 'any' type.
routes/tasks.ts(7,29): error TS7006: Parameter 'res' implicitly has an 'any' type.
routes/tasks.ts(26,25): error TS7006: Parameter 'req' implicitly has an 'any' type.
routes/tasks.ts(26,30): error TS7006: Parameter 'res' implicitly has an 'any' type.
routes/tasks.ts(51,27): error TS7006: Parameter 'req' implicitly has an 'any' type.
routes/tasks.ts(51,32): error TS7006: Parameter 'res' implicitly has an 'any' type.
routes/tasks.ts(85,30): error TS7006: Parameter 'req' implicitly has an 'any' type.
routes/tasks.ts(85,35): error TS7006: Parameter 'res' implicitly has an 'any' type.
